[05-Oct-2020 14:16:34] NOTICE: fpm is running, pid 39933
[05-Oct-2020 14:16:34] NOTICE: ready to handle connections
[06-Oct-2020 22:46:54] NOTICE: Terminating ...
[06-Oct-2020 22:46:54] NOTICE: Terminating ...
[06-Oct-2020 22:46:54] NOTICE: exiting, bye-bye!
[06-Oct-2020 22:46:56] NOTICE: fpm is running, pid 14338
[06-Oct-2020 22:46:56] NOTICE: ready to handle connections
[06-Oct-2020 22:47:35] WARNING: [pool www] child 14346 said into stderr: "sh: gs: command not found"
[13-Oct-2020 10:38:01] NOTICE: Terminating ...
[13-Oct-2020 10:38:01] NOTICE: Terminating ...
[13-Oct-2020 10:38:01] NOTICE: exiting, bye-bye!
[13-Oct-2020 15:11:33] NOTICE: fpm is running, pid 53996
[13-Oct-2020 15:11:33] NOTICE: ready to handle connections
[22-Oct-2020 00:34:51] NOTICE: Terminating ...
[22-Oct-2020 00:34:51] NOTICE: Terminating ...
[22-Oct-2020 00:34:51] NOTICE: exiting, bye-bye!
[22-Oct-2020 00:34:57] NOTICE: fpm is running, pid 45456
[22-Oct-2020 00:34:57] NOTICE: ready to handle connections
[07-Nov-2020 13:45:11] NOTICE: Terminating ...
[07-Nov-2020 13:45:11] NOTICE: Terminating ...
[07-Nov-2020 13:45:11] NOTICE: exiting, bye-bye!
[07-Nov-2020 13:56:40] NOTICE: fpm is running, pid 1769
[07-Nov-2020 13:56:40] NOTICE: ready to handle connections
[09-Nov-2020 12:27:55] NOTICE: Terminating ...
[09-Nov-2020 12:27:55] NOTICE: Terminating ...
[09-Nov-2020 12:27:55] NOTICE: exiting, bye-bye!
[09-Nov-2020 12:28:03] NOTICE: fpm is running, pid 71367
[09-Nov-2020 12:28:03] NOTICE: ready to handle connections
[09-Nov-2020 12:51:18] NOTICE: Terminating ...
[09-Nov-2020 12:51:18] NOTICE: Terminating ...
[09-Nov-2020 12:51:18] NOTICE: exiting, bye-bye!
[09-Nov-2020 12:52:32] NOTICE: fpm is running, pid 73764
[09-Nov-2020 12:52:32] NOTICE: ready to handle connections
[12-Nov-2020 23:11:31] NOTICE: fpm is running, pid 2575
[12-Nov-2020 23:11:31] NOTICE: ready to handle connections
[12-Nov-2020 23:11:49] NOTICE: Terminating ...
[12-Nov-2020 23:11:49] NOTICE: Terminating ...
[12-Nov-2020 23:11:49] NOTICE: exiting, bye-bye!
[12-Nov-2020 23:12:01] NOTICE: fpm is running, pid 2666
[12-Nov-2020 23:12:01] NOTICE: ready to handle connections
